commit ce84cc5b3b3c9d4eb30abc43c7f3185ecd663d11
Author: JoseSeguraa <9402418@alumnos.ufv.es>
Date:   Mon Dec 23 19:55:24 2024 +0100

    prefinal commit

commit e2565c2807ceec2d969ae8b90134e17e6f9097da
Author: JoseSeguraa <9402418@alumnos.ufv.es>
Date:   Mon Dec 23 18:30:09 2024 +0100

    fixing

commit 703b27d079c5d084a0f3fe8ef5513da5909c07b1
Author: JoseSeguraa <9402418@alumnos.ufv.es>
Date:   Mon Dec 23 18:26:27 2024 +0100

    more fix

commit 06450a4316c8cee71450589d49fb3515667881a4
Author: JoseSeguraa <9402418@alumnos.ufv.es>
Date:   Mon Dec 23 18:24:27 2024 +0100

    fixing once again

commit 9d8d392f08e7158fae03b95dab440a58e8f904b8
Author: JoseSeguraa <9402418@alumnos.ufv.es>
Date:   Mon Dec 23 18:22:02 2024 +0100

    once more

commit 5c8fe5ae1843bf50705c70723bdb2c381fb31ddf
Author: JoseSeguraa <9402418@alumnos.ufv.es>
Date:   Mon Dec 23 18:17:43 2024 +0100

    more fixing

commit a1fc28d3fb411bb6fe1899ddcac3ab5d798d391d
Author: JoseSeguraa <9402418@alumnos.ufv.es>
Date:   Mon Dec 23 18:12:29 2024 +0100

    fixing

commit 5d124b5aa01c30a5cd849b6292819ef1d80bedb2
Author: JoseSeguraa <9402418@alumnos.ufv.es>
Date:   Mon Dec 23 18:06:43 2024 +0100

    fixing

commit 77516f15e5df48298a073abecfe40e0ac390a7f5
Author: JoseSeguraa <9402418@alumnos.ufv.es>
Date:   Mon Dec 23 18:03:49 2024 +0100

    more fixing

commit 3e158663038fed0b990425369e691754ac1c63e7
Author: JoseSeguraa <9402418@alumnos.ufv.es>
Date:   Mon Dec 23 17:54:43 2024 +0100

    some fixing

commit a7c6b217db12f668b7225e95f18c678a8f8fecb9
Author: JoseSeguraa <9402418@alumnos.ufv.es>
Date:   Mon Dec 23 14:11:34 2024 +0100

    almost finishedd!

commit 6267c422cf44fd6b1b6a3d96c02c5809a71ee0e6
Author: JoseSeguraa <9402418@alumnos.ufv.es>
Date:   Sun Dec 22 20:15:59 2024 +0100

    fixing

commit 50c8b703650f82f98fb4f69fc962e8017736669f
Author: JoseSeguraa <9402418@alumnos.ufv.es>
Date:   Sun Dec 22 20:07:54 2024 +0100

    day 4 (A big day)

commit f193223cbb1a4a94237adcded91abaee2e64c95e
Author: JoseSeguraa <9402418@alumnos.ufv.es>
Date:   Sat Dec 21 11:52:35 2024 +0100

    day 3

commit d264e13f7510a64980a44f1aa0b2816801dfb9ff
Author: JoseSeguraa <9402418@alumnos.ufv.es>
Date:   Fri Dec 20 20:57:16 2024 +0100

    topic included

commit 0ec40654a51b3d6f028d338c6ecb6d37388749e1
Author: JoseSeguraa <9402418@alumnos.ufv.es>
Date:   Fri Dec 20 19:30:54 2024 +0100

    finishin page 2

commit b0febfddacb6567b08dd9901132566f69d560abf
Author: JoseSeguraa <9402418@alumnos.ufv.es>
Date:   Thu Dec 19 21:01:42 2024 +0100

    DAY 2

commit 1e4624ef3ffbd869aa72fe9a2d0732538c1f7fab
Author: JoseSeguraa <9402418@alumnos.ufv.es>
Date:   Wed Dec 18 20:13:08 2024 +0100

    .

commit 5b1009485d750bbe22672e4089e94175053c79fa
Author: JoseSeguraa <9402418@alumnos.ufv.es>
Date:   Wed Dec 18 20:12:37 2024 +0100

    .

commit b7d6e7b74566d508ed53eac0f0ce9fb6923fba02
Author: JoseSeguraa <9402418@alumnos.ufv.es>
Date:   Wed Dec 18 20:10:58 2024 +0100

    solving again

commit 5e18fd33c6e9808ab7cc332b783e09a622fcf36f
Author: JoseSeguraa <9402418@alumnos.ufv.es>
Date:   Wed Dec 18 20:06:36 2024 +0100

    solved

commit f2cdaebd089cd8c1ac09fc3cefc7fb8aaa904b96
Author: JoseSeguraa <9402418@alumnos.ufv.es>
Date:   Wed Dec 18 19:58:34 2024 +0100

    Day 1

commit d39d3874a21dd211783bad019f2a83c11fffe0ca
Author: JoseSeguraa <9402418@alumnos.ufv.es>
Date:   Wed Dec 18 17:44:00 2024 +0100

    .

commit c81100af24c0ec8bf2a88743285f78114157d85f
Author: JoseSeguraa <9402418@alumnos.ufv.es>
Date:   Wed Dec 18 17:37:48 2024 +0100

    -

commit 275e3d3d47288da83186f1f0c7fcfaa381b39a58
Author: JoseSeguraa <9402418@alumnos.ufv.es>
Date:   Wed Dec 18 17:18:29 2024 +0100

    ,

commit fe049c4bb598bf817097ff5782e2f6f2f127aaa6
Merge: 6840932 cdd5d2f
Author: JoseSeguraa <9402418@alumnos.ufv.es>
Date:   Wed Dec 18 12:07:31 2024 +0100

    Merge remote-tracking branch 'refs/remotes/origin/main'

commit 6840932dc41812636fa0dd0ab499e7d3f7e79464
Author: JoseSeguraa <9402418@alumnos.ufv.es>
Date:   Wed Dec 18 12:04:34 2024 +0100

    .

commit cdd5d2fa2a412abe9aff742999861e56228b2f71
Author: Jose Segura <9402418@alumnos.ufv.es>
Date:   Wed Dec 18 11:58:05 2024 +0100

    Delete docs/.DS_Store

commit 519a4756192f740577de1f115ad3c99e224f4db4
Author: JoseSeguraa <9402418@alumnos.ufv.es>
Date:   Wed Dec 18 11:55:47 2024 +0100

    .

commit 13591303ac9b177a5e1fd763e2870f4b0fcb24e3
Author: JoseSeguraa <9402418@alumnos.ufv.es>
Date:   Wed Dec 18 11:50:38 2024 +0100

    .

commit c307678468118c14a42709e6c43acc40e21c12a4
Author: JoseSeguraa <9402418@alumnos.ufv.es>
Date:   Wed Dec 18 11:47:59 2024 +0100

    .

commit 70c8bc7ed728822f77aa14a22ee0d81320e1f81f
Author: JoseSeguraa <9402418@alumnos.ufv.es>
Date:   Wed Dec 18 11:46:20 2024 +0100

    ,

commit 16717851561c30634413e4ddd7f4197af66d633a
Author: JoseSeguraa <9402418@alumnos.ufv.es>
Date:   Wed Dec 18 11:40:54 2024 +0100

    .

commit 300e2d31a37c309b129d1aae0d87271426d4ad2c
Author: JoseSeguraa <9402418@alumnos.ufv.es>
Date:   Wed Dec 18 11:38:16 2024 +0100

    .

commit 35f5b5432b05e638284511f77774d3b0aad902a8
Author: JoseSeguraa <9402418@alumnos.ufv.es>
Date:   Wed Dec 18 11:34:30 2024 +0100

    .

commit 2e3e37ecf826d619cc399b0ccc61c262a62621dd
Author: JoseSeguraa <9402418@alumnos.ufv.es>
Date:   Wed Dec 18 11:32:59 2024 +0100

    .

commit bc356804f4e6741898601291863cc81eb5ab3cee
Author: JoseSeguraa <9402418@alumnos.ufv.es>
Date:   Wed Dec 18 11:29:17 2024 +0100

    starting to write

commit 16922a1aa583a5bd7d19aea4599ba131b5e4a10f
Author: JoseSeguraa <9402418@alumnos.ufv.es>
Date:   Wed Dec 18 11:06:02 2024 +0100

    Needed files

commit 279391221b1b38b5de719d944eee564e741df574
Author: JoseSeguraa <9402418@alumnos.ufv.es>
Date:   Wed Dec 18 10:51:37 2024 +0100

    Adding images

commit b849a1a726884e04b31df5cbd4321c346284c5e9
Author: JoseSeguraa <9402418@alumnos.ufv.es>
Date:   Wed Dec 18 10:50:47 2024 +0100

    Adding docs

commit 691731445a29bb67bab6d4a747a0469b31c14f80
Author: JoseSeguraa <9402418@alumnos.ufv.es>
Date:   Wed Dec 18 10:48:06 2024 +0100

    Creating the structure

commit 79476f8d005782bde6fc58660ff46778fe533c65
Author: JoseSeguraa <9402418@alumnos.ufv.es>
Date:   Wed Dec 18 10:44:11 2024 +0100

    Adding gitignore

commit de4b0b66886a3e8dc0a0fec29d780c07557d6379
Author: Jose Segura <9402418@alumnos.ufv.es>
Date:   Wed Dec 18 10:37:14 2024 +0100

    Initial commit
